<?xml version="1.0" encoding="UTF-8"?>
<testng-results skipped="0" failed="0" total="1" passed="1">
  <reporter-output>
  </reporter-output>
  <suite name="Default suite" duration-ms="8452" started-at="2018-02-12T06:22:02Z" finished-at="2018-02-12T06:22:10Z">
    <groups>
    </groups>
    <test name="Default test" duration-ms="8452" started-at="2018-02-12T06:22:02Z" finished-at="2018-02-12T06:22:10Z">
      <class name="demo.demo1.Demo1">
        <test-method status="PASS" signature="test1()[pri:0, instance:demo.demo1.Demo1@5b275dab]" name="test1" duration-ms="8424" started-at="2018-02-12T11:52:02Z" finished-at="2018-02-12T11:52:10Z">
          <reporter-output>
          </reporter-output>
        </test-method> <!-- test1 -->
      </class> <!-- demo.demo1.Demo1 -->
    </test> <!-- Default test -->
  </suite> <!-- Default suite -->
</testng-results>
